<?xml version="1.0" encoding="UTF-8"?>
<coverage generated="1735066223794" clover="3.2.0">
  <project timestamp="1735066223794" name="All files">
    <metrics statements="32" coveredstatements="27" conditionals="4" coveredconditionals="2" methods="12" coveredmethods="7" elements="48" coveredelements="36" complexity="0" loc="32" ncloc="32" packages="5" files="8" classes="8"/>
    <package name="components">
      <metrics statements="14" coveredstatements="14" conditionals="4" coveredconditionals="2" methods="6" coveredmethods="6"/>
      <file name="Contact.js" path="/Users/afatim11/Desktop/Namaste-React/src/components/Contact.js">
        <metrics statements="2" coveredstatements="2" conditionals="0" coveredconditionals="0" methods="1" coveredmethods="1"/>
        <line num="1" count="1" type="stmt"/>
        <line num="2" count="4" type="stmt"/>
      </file>
      <file name="Header.js" path="/Users/afatim11/Desktop/Namaste-React/src/components/Header.js">
        <metrics statements="10" coveredstatements="10" conditionals="4" coveredconditionals="2" methods="4" coveredmethods="4"/>
        <line num="9" count="1" type="stmt"/>
        <line num="12" count="5" type="stmt"/>
        <line num="14" count="5" type="stmt"/>
        <line num="18" count="5" type="stmt"/>
        <line num="20" count="5" type="stmt"/>
        <line num="23" count="5" type="stmt"/>
        <line num="26" count="9" type="stmt"/>
        <line num="27" count="5" type="stmt"/>
        <line num="29" count="5" type="stmt"/>
        <line num="61" count="1" type="cond" truecount="1" falsecount="1"/>
      </file>
      <file name="sum.js" path="/Users/afatim11/Desktop/Namaste-React/src/components/sum.js">
        <metrics statements="2" coveredstatements="2" conditionals="0" coveredconditionals="0" methods="1" coveredmethods="1"/>
        <line num="1" count="1" type="stmt"/>
        <line num="2" count="1" type="stmt"/>
      </file>
    </package>
    <package name="config">
      <metrics statements="4" coveredstatements="4" conditionals="0" coveredconditionals="0" methods="0" coveredmethods="0"/>
      <file name="constants.js" path="/Users/afatim11/Desktop/Namaste-React/src/config/constants.js">
        <metrics statements="4" coveredstatements="4" conditionals="0" coveredconditionals="0" methods="0" coveredmethods="0"/>
        <line num="2" count="1" type="stmt"/>
        <line num="4" count="1" type="stmt"/>
        <line num="6" count="1" type="stmt"/>
        <line num="13" count="1" type="stmt"/>
      </file>
    </package>
    <package name="contexts">
      <metrics statements="1" coveredstatements="1" conditionals="0" coveredconditionals="0" methods="0" coveredmethods="0"/>
      <file name="UserContext.js" path="/Users/afatim11/Desktop/Namaste-React/src/contexts/UserContext.js">
        <metrics statements="1" coveredstatements="1" conditionals="0" coveredconditionals="0" methods="0" coveredmethods="0"/>
        <line num="3" count="1" type="stmt"/>
      </file>
    </package>
    <package name="hooks">
      <metrics statements="7" coveredstatements="5" conditionals="0" coveredconditionals="0" methods="3" coveredmethods="1"/>
      <file name="useOnlineStatus.js" path="/Users/afatim11/Desktop/Namaste-React/src/hooks/useOnlineStatus.js">
        <metrics statements="7" coveredstatements="5" conditionals="0" coveredconditionals="0" methods="3" coveredmethods="1"/>
        <line num="3" count="1" type="stmt"/>
        <line num="4" count="5" type="stmt"/>
        <line num="6" count="5" type="stmt"/>
        <line num="7" count="0" type="stmt"/>
        <line num="9" count="5" type="stmt"/>
        <line num="10" count="0" type="stmt"/>
        <line num="12" count="5" type="stmt"/>
      </file>
    </package>
    <package name="utils">
      <metrics statements="6" coveredstatements="3" conditionals="0" coveredconditionals="0" methods="3" coveredmethods="0"/>
      <file name="appStore.js" path="/Users/afatim11/Desktop/Namaste-React/src/utils/appStore.js">
        <metrics statements="1" coveredstatements="1" conditionals="0" coveredconditionals="0" methods="0" coveredmethods="0"/>
        <line num="3" count="1" type="stmt"/>
      </file>
      <file name="cartSlice.js" path="/Users/afatim11/Desktop/Namaste-React/src/utils/cartSlice.js">
        <metrics statements="5" coveredstatements="2" conditionals="0" coveredconditionals="0" methods="3" coveredmethods="0"/>
        <line num="3" count="1" type="stmt"/>
        <line num="21" count="0" type="stmt"/>
        <line num="24" count="0" type="stmt"/>
        <line num="34" count="0" type="stmt"/>
        <line num="39" count="1" type="stmt"/>
      </file>
    </package>
  </project>
</coverage>
