{"/Users/afatim11/Desktop/Namaste-React/src/components/Contact.js": {"path":"/Users/afatim11/Desktop/Namaste-React/src/components/Contact.js","statementMap":{"0":{"start":{"line":1,"column":16},"end":{"line":12,"column":1}},"1":{"start":{"line":2,"column":2},"end":{"line":11,"column":8}}},"fnMap":{"0":{"name":"(anonymous_0)","decl":{"start":{"line":1,"column":16},"end":{"line":1,"column":17}},"loc":{"start":{"line":2,"column":2},"end":{"line":11,"column":8}},"line":2}},"branchMap":{},"s":{"0":1,"1":4},"f":{"0":4},"b":{},"_coverageSchema":"1a1c01bbd47fc00a2c39e90264f33305004495a9","hash":"f62a4d304ac68740db6a3917a27df359004e8ad3"}
,"/Users/afatim11/Desktop/Namaste-React/src/components/Header.js": {"path":"/Users/afatim11/Desktop/Namaste-React/src/components/Header.js","statementMap":{"0":{"start":{"line":9,"column":15},"end":{"line":71,"column":1}},"1":{"start":{"line":12,"column":32},"end":{"line":12,"column":49}},"2":{"start":{"line":14,"column":2},"end":{"line":14,"column":34}},"3":{"start":{"line":18,"column":2},"end":{"line":18,"column":56}},"4":{"start":{"line":18,"column":18},"end":{"line":18,"column":50}},"5":{"start":{"line":20,"column":23},"end":{"line":20,"column":40}},"6":{"start":{"line":23,"column":18},"end":{"line":23,"column":41}},"7":{"start":{"line":26,"column":20},"end":{"line":26,"column":58}},"8":{"start":{"line":26,"column":41},"end":{"line":26,"column":57}},"9":{"start":{"line":27,"column":2},"end":{"line":27,"column":25}},"10":{"start":{"line":29,"column":2},"end":{"line":70,"column":4}},"11":{"start":{"line":61,"column":14},"end":{"line":61,"column":79}}},"fnMap":{"0":{"name":"(anonymous_0)","decl":{"start":{"line":9,"column":15},"end":{"line":9,"column":16}},"loc":{"start":{"line":9,"column":21},"end":{"line":71,"column":1}},"line":9},"1":{"name":"(anonymous_1)","decl":{"start":{"line":18,"column":12},"end":{"line":18,"column":13}},"loc":{"start":{"line":18,"column":18},"end":{"line":18,"column":50}},"line":18},"2":{"name":"(anonymous_2)","decl":{"start":{"line":26,"column":32},"end":{"line":26,"column":33}},"loc":{"start":{"line":26,"column":41},"end":{"line":26,"column":57}},"line":26},"3":{"name":"(anonymous_3)","decl":{"start":{"line":54,"column":21},"end":{"line":54,"column":22}},"loc":{"start":{"line":54,"column":27},"end":{"line":62,"column":13}},"line":54}},"branchMap":{"0":{"loc":{"start":{"line":36,"column":47},"end":{"line":36,"column":71}},"type":"cond-expr","locations":[{"start":{"line":36,"column":62},"end":{"line":36,"column":66}},{"start":{"line":36,"column":67},"end":{"line":36,"column":71}}],"line":36},"1":{"loc":{"start":{"line":61,"column":14},"end":{"line":61,"column":78}},"type":"cond-expr","locations":[{"start":{"line":61,"column":36},"end":{"line":61,"column":56}},{"start":{"line":61,"column":59},"end":{"line":61,"column":78}}],"line":61}},"s":{"0":1,"1":5,"2":5,"3":5,"4":4,"5":5,"6":5,"7":5,"8":9,"9":5,"10":5,"11":1},"f":{"0":5,"1":4,"2":9,"3":1},"b":{"0":[5,0],"1":[1,0]},"_coverageSchema":"1a1c01bbd47fc00a2c39e90264f33305004495a9","hash":"91c89227758e3d3b9634e9c10abe1967267dce15"}
,"/Users/afatim11/Desktop/Namaste-React/src/components/sum.js": {"path":"/Users/afatim11/Desktop/Namaste-React/src/components/sum.js","statementMap":{"0":{"start":{"line":1,"column":19},"end":{"line":3,"column":1}},"1":{"start":{"line":2,"column":2},"end":{"line":2,"column":15}}},"fnMap":{"0":{"name":"(anonymous_0)","decl":{"start":{"line":1,"column":19},"end":{"line":1,"column":20}},"loc":{"start":{"line":1,"column":29},"end":{"line":3,"column":1}},"line":1}},"branchMap":{},"s":{"0":1,"1":1},"f":{"0":1},"b":{},"_coverageSchema":"1a1c01bbd47fc00a2c39e90264f33305004495a9","hash":"27a37b95c0ca76a7e7692709a33d51c11f254102"}
,"/Users/afatim11/Desktop/Namaste-React/src/config/constants.js": {"path":"/Users/afatim11/Desktop/Namaste-React/src/config/constants.js","statementMap":{"0":{"start":{"line":2,"column":2},"end":{"line":2,"column":85}},"1":{"start":{"line":4,"column":2},"end":{"line":4,"column":96}},"2":{"start":{"line":6,"column":2},"end":{"line":6,"column":136}},"3":{"start":{"line":13,"column":2},"end":{"line":13,"column":121}}},"fnMap":{},"branchMap":{},"s":{"0":1,"1":1,"2":1,"3":1},"f":{},"b":{},"_coverageSchema":"1a1c01bbd47fc00a2c39e90264f33305004495a9","hash":"d2ad4d95ed36287b43d01fd9ae07ab7dfc0e845c"}
,"/Users/afatim11/Desktop/Namaste-React/src/contexts/UserContext.js": {"path":"/Users/afatim11/Desktop/Namaste-React/src/contexts/UserContext.js","statementMap":{"0":{"start":{"line":3,"column":20},"end":{"line":5,"column":2}}},"fnMap":{},"branchMap":{},"s":{"0":1},"f":{},"b":{},"_coverageSchema":"1a1c01bbd47fc00a2c39e90264f33305004495a9","hash":"be5e195a56417536bb9005513314f34ef15e1674"}
,"/Users/afatim11/Desktop/Namaste-React/src/hooks/useOnlineStatus.js": {"path":"/Users/afatim11/Desktop/Namaste-React/src/hooks/useOnlineStatus.js","statementMap":{"0":{"start":{"line":3,"column":24},"end":{"line":13,"column":1}},"1":{"start":{"line":4,"column":42},"end":{"line":4,"column":56}},"2":{"start":{"line":6,"column":2},"end":{"line":8,"column":5}},"3":{"start":{"line":7,"column":4},"end":{"line":7,"column":26}},"4":{"start":{"line":9,"column":2},"end":{"line":11,"column":5}},"5":{"start":{"line":10,"column":4},"end":{"line":10,"column":27}},"6":{"start":{"line":12,"column":2},"end":{"line":12,"column":22}}},"fnMap":{"0":{"name":"(anonymous_0)","decl":{"start":{"line":3,"column":24},"end":{"line":3,"column":25}},"loc":{"start":{"line":3,"column":30},"end":{"line":13,"column":1}},"line":3},"1":{"name":"(anonymous_1)","decl":{"start":{"line":6,"column":36},"end":{"line":6,"column":37}},"loc":{"start":{"line":6,"column":42},"end":{"line":8,"column":3}},"line":6},"2":{"name":"(anonymous_2)","decl":{"start":{"line":9,"column":37},"end":{"line":9,"column":38}},"loc":{"start":{"line":9,"column":43},"end":{"line":11,"column":3}},"line":9}},"branchMap":{},"s":{"0":1,"1":5,"2":5,"3":0,"4":5,"5":0,"6":5},"f":{"0":5,"1":0,"2":0},"b":{},"_coverageSchema":"1a1c01bbd47fc00a2c39e90264f33305004495a9","hash":"75f802401106bb87e4cf0b7d57ef0b2013c9d456"}
,"/Users/afatim11/Desktop/Namaste-React/src/utils/appStore.js": {"path":"/Users/afatim11/Desktop/Namaste-React/src/utils/appStore.js","statementMap":{"0":{"start":{"line":3,"column":17},"end":{"line":8,"column":2}}},"fnMap":{},"branchMap":{},"s":{"0":1},"f":{},"b":{},"_coverageSchema":"1a1c01bbd47fc00a2c39e90264f33305004495a9","hash":"74f2732d487017570508b7e058fd95fa9eee8283"}
,"/Users/afatim11/Desktop/Namaste-React/src/utils/cartSlice.js": {"path":"/Users/afatim11/Desktop/Namaste-React/src/utils/cartSlice.js","statementMap":{"0":{"start":{"line":3,"column":18},"end":{"line":37,"column":2}},"1":{"start":{"line":21,"column":6},"end":{"line":21,"column":39}},"2":{"start":{"line":24,"column":6},"end":{"line":24,"column":24}},"3":{"start":{"line":34,"column":6},"end":{"line":34,"column":29}},"4":{"start":{"line":39,"column":50},"end":{"line":39,"column":67}}},"fnMap":{"0":{"name":"(anonymous_0)","decl":{"start":{"line":9,"column":13},"end":{"line":9,"column":14}},"loc":{"start":{"line":9,"column":32},"end":{"line":22,"column":5}},"line":9},"1":{"name":"(anonymous_1)","decl":{"start":{"line":23,"column":16},"end":{"line":23,"column":17}},"loc":{"start":{"line":23,"column":27},"end":{"line":25,"column":5}},"line":23},"2":{"name":"(anonymous_2)","decl":{"start":{"line":26,"column":15},"end":{"line":26,"column":16}},"loc":{"start":{"line":26,"column":26},"end":{"line":35,"column":5}},"line":26}},"branchMap":{},"s":{"0":1,"1":0,"2":0,"3":0,"4":1},"f":{"0":0,"1":0,"2":0},"b":{},"_coverageSchema":"1a1c01bbd47fc00a2c39e90264f33305004495a9","hash":"34d708d3d3670ff36441316d3cd9984f2c970ebd"}
}
